# JRE version: OpenJDK Runtime Environment Temurin-21.0.11+10 (21.0.11+10) (build 21.0.11+10-LTS)
# Java VM: OpenJDK 64-Bit Server VM Temurin-21.0.11+10 (21.0.11+10-LTS, mixed mode, sharing, tiered, compressed oops, compressed class ptrs, parallel gc, windows-amd64)
GC Precious Log:
 CardTable entry size: 512
 CPUs: 8 total, 8 available
 Memory: 7901M
 Large Page Support: Disabled
 NUMA Support: Disabled
 Compressed Oops: Enabled (32-bit)
 Alignments: Space 512K, Generation 512K, Heap 2M
 Heap Min Capacity: 100M
 Heap Initial Capacity: 100M
 Heap Max Capacity: 2G
 Pre-touch: Disabled
 Parallel Workers: 8
Heap:
 PSYoungGen      total 2560K, used 1162K [0x00000000d5580000, 0x00000000d5900000, 0x0000000100000000)
  eden space 2048K, 47% used [0x00000000d5580000,0x00000000d5675118,0x00000000d5780000)
  from space 512K, 37% used [0x00000000d5880000,0x00000000d58b0000,0x00000000d5900000)
  to   space 512K, 0% used [0x00000000d5800000,0x00000000d5800000,0x00000000d5880000)
 ParOldGen       total 943104K, used 282945K [0x0000000080000000, 0x00000000b9900000, 0x00000000d5580000)
  object space 943104K, 30% used [0x0000000080000000,0x0000000091450698,0x00000000b9900000)
 Metaspace       used 83960K, committed 85632K, reserved 1179648K
  class space    used 8758K, committed 9536K, reserved 1048576K
GC Heap History (20 events):
Event: 2638.776 GC heap before
{Heap before GC invocations=2349 (full 4):
 PSYoungGen      total 2560K, used 2240K [0x00000000d5580000, 0x00000000d5900000, 0x0000000100000000)
  eden space 2048K, 100% used [0x00000000d5580000,0x00000000d5780000,0x00000000d5780000)
  from space 512K, 37% used [0x00000000d5880000,0x00000000d58b0000,0x00000000d5900000)
  to   space 512K, 0% used [0x00000000d5800000,0x00000000d5800000,0x00000000d5880000)
 ParOldGen       total 943104K, used 282809K [0x0000000080000000, 0x00000000b9900000, 0x00000000d5580000)
  object space 943104K, 29% used [0x0000000080000000,0x000000009142e698,0x00000000b9900000)
 Metaspace       used 83960K, committed 85632K, reserved 1179648K
  class space    used 8758K, committed 9536K, reserved 1048576K
}
Event: 2638.779 GC heap after
{Heap after GC invocations=2349 (full 4):
 PSYoungGen      total 2560K, used 192K [0x00000000d5580000, 0x00000000d5900000, 0x0000000100000000)
  eden space 2048K, 0% used [0x00000000d5580000,0x00000000d5580000,0x00000000d5780000)
  from space 512K, 37% used [0x00000000d5800000,0x00000000d5830000,0x00000000d5880000)
  to   space 512K, 0% used [0x00000000d5880000,0x00000000d5880000,0x00000000d5900000)
 ParOldGen       total 943104K, used 282833K [0x0000000080000000, 0x00000000b9900000, 0x00000000d5580000)
  object space 943104K, 29% used [0x0000000080000000,0x0000000091434698,0x00000000b9900000)
 Metaspace       used 83960K, committed 85632K, reserved 1179648K
  class space    used 8758K, committed 9536K, reserved 1048576K
}
Event: 2643.438 GC heap before
{Heap before GC invocations=2350 (full 4):
 PSYoungGen      total 2560K, used 2239K [0x00000000d5580000, 0x00000000d5900000, 0x0000000100000000)
  eden space 2048K, 99% used [0x00000000d5580000,0x00000000d577fff8,0x00000000d5780000)
  from space 512K, 37% used [0x00000000d5800000,0x00000000d5830000,0x00000000d5880000)
  to   space 512K, 0% used [0x00000000d5880000,0x00000000d5880000,0x00000000d5900000)
 ParOldGen       total 943104K, used 282833K [0x0000000080000000, 0x00000000b9900000, 0x00000000d5580000)
  object space 943104K, 29% used [0x0000000080000000,0x0000000091434698,0x00000000b9900000)
 Metaspace       used 83960K, committed 85632K, reserved 1179648K
  class space    used 8758K, committed 9536K, reserved 1048576K
}
Event: 2643.440 GC heap after
{Heap after GC invocations=2350 (full 4):
 PSYoungGen      total 2560K, used 160K [0x00000000d5580000, 0x00000000d5900000, 0x0000000100000000)
  eden space 2048K, 0% used [0x00000000d5580000,0x00000000d5580000,0x00000000d5780000)
  from space 512K, 31% used [0x00000000d5880000,0x00000000d58a8000,0x00000000d5900000)
  to   space 512K, 0% used [0x00000000d5800000,0x00000000d5800000,0x00000000d5880000)
 ParOldGen       total 943104K, used 282833K [0x0000000080000000, 0x00000000b9900000, 0x00000000d5580000)
  object space 943104K, 29% used [0x0000000080000000,0x0000000091434698,0x00000000b9900000)
 Metaspace       used 83960K, committed 85632K, reserved 1179648K
  class space    used 8758K, committed 9536K, reserved 1048576K
}
Event: 2647.826 GC heap before
{Heap before GC invocations=2351 (full 4):
 PSYoungGen      total 2560K, used 2208K [0x00000000d5580000, 0x00000000d5900000, 0x0000000100000000)
  eden space 2048K, 100% used [0x00000000d5580000,0x00000000d5780000,0x00000000d5780000)
  from space 512K, 31% used [0x00000000d5880000,0x00000000d58a8000,0x00000000d5900000)
  to   space 512K, 0% used [0x00000000d5800000,0x00000000d5800000,0x00000000d5880000)
 ParOldGen       total 943104K, used 282833K [0x0000000080000000, 0x00000000b9900000, 0x00000000d5580000)
  object space 943104K, 29% used [0x0000000080000000,0x0000000091434698,0x00000000b9900000)
 Metaspace       used 83960K, committed 85632K, reserved 1179648K
  class space    used 8758K, committed 9536K, reserved 1048576K
}
Event: 2647.830 GC heap after
{Heap after GC invocations=2351 (full 4):
 PSYoungGen      total 2560K, used 192K [0x00000000d5580000, 0x00000000d5900000, 0x0000000100000000)
  eden space 2048K, 0% used [0x00000000d5580000,0x00000000d5580000,0x00000000d5780000)
  from space 512K, 37% used [0x00000000d5800000,0x00000000d5830000,0x00000000d5880000)
  to   space 512K, 0% used [0x00000000d5880000,0x00000000d5880000,0x00000000d5900000)
 ParOldGen       total 943104K, used 282857K [0x0000000080000000, 0x00000000b9900000, 0x00000000d5580000)
  object space 943104K, 29% used [0x0000000080000000,0x000000009143a698,0x00000000b9900000)
 Metaspace       used 83960K, committed 85632K, reserved 1179648K
  class space    used 8758K, committed 9536K, reserved 1048576K
}
Event: 2651.539 GC heap before
{Heap before GC invocations=2352 (full 4):
 PSYoungGen      total 2560K, used 2239K [0x00000000d5580000, 0x00000000d5900000, 0x0000000100000000)
  eden space 2048K, 99% used [0x00000000d5580000,0x00000000d577fda0,0x00000000d5780000)
  from space 512K, 37% used [0x00000000d5800000,0x00000000d5830000,0x00000000d5880000)
  to   space 512K, 0% used [0x00000000d5880000,0x00000000d5880000,0x00000000d5900000)
 ParOldGen       total 943104K, used 282857K [0x0000000080000000, 0x00000000b9900000, 0x00000000d5580000)
  object space 943104K, 29% used [0x0000000080000000,0x000000009143a698,0x00000000b9900000)
 Metaspace       used 83960K, committed 85632K, reserved 1179648K
  class space    used 8758K, committed 9536K, reserved 1048576K
}
Event: 2651.542 GC heap after
{Heap after GC invocations=2352 (full 4):
 PSYoungGen      total 2560K, used 160K [0x00000000d5580000, 0x00000000d5900000, 0x0000000100000000)
  eden space 2048K, 0% used [0x00000000d5580000,0x00000000d5580000,0x00000000d5780000)
  from space 512K, 31% used [0x00000000d5880000,0x00000000d58a8000,0x00000000d5900000)
  to   space 512K, 0% used [0x00000000d5800000,0x00000000d5800000,0x00000000d5880000)
 ParOldGen       total 943104K, used 282881K [0x0000000080000000, 0x00000000b9900000, 0x00000000d5580000)
  object space 943104K, 29% used [0x0000000080000000,0x0000000091440698,0x00000000b9900000)
 Metaspace       used 83960K, committed 85632K, reserved 1179648K
  class space    used 8758K, committed 9536K, reserved 1048576K
}
Event: 2656.131 GC heap before
{Heap before GC invocations=2353 (full 4):
 PSYoungGen      total 2560K, used 2201K [0x00000000d5580000, 0x00000000d5900000, 0x0000000100000000)
  eden space 2048K, 99% used [0x00000000d5580000,0x00000000d577e540,0x00000000d5780000)
  from space 512K, 31% used [0x00000000d5880000,0x00000000d58a8000,0x00000000d5900000)
  to   space 512K, 0% used [0x00000000d5800000,0x00000000d5800000,0x00000000d5880000)
 ParOldGen       total 943104K, used 282881K [0x0000000080000000, 0x00000000b9900000, 0x00000000d5580000)
  object space 943104K, 29% used [0x0000000080000000,0x0000000091440698,0x00000000b9900000)
 Metaspace       used 83960K, committed 85632K, reserved 1179648K
  class space    used 8758K, committed 9536K, reserved 1048576K
}
Event: 2656.134 GC heap after
{Heap after GC invocations=2353 (full 4):
 PSYoungGen      total 2560K, used 192K [0x00000000d5580000, 0x00000000d5900000, 0x0000000100000000)
  eden space 2048K, 0% used [0x00000000d5580000,0x00000000d5580000,0x00000000d5780000)
  from space 512K, 37% used [0x00000000d5800000,0x00000000d5830000,0x00000000d5880000)
  to   space 512K, 0% used [0x00000000d5880000,0x00000000d5880000,0x00000000d5900000)
 ParOldGen       total 943104K, used 282881K [0x0000000080000000, 0x00000000b9900000, 0x00000000d5580000)
  object space 943104K, 29% used [0x0000000080000000,0x0000000091440698,0x00000000b9900000)
 Metaspace       used 83960K, committed 85632K, reserved 1179648K
  class space    used 8758K, committed 9536K, reserved 1048576K
}
Event: 2660.175 GC heap before
{Heap before GC invocations=2354 (full 4):
 PSYoungGen      total 2560K, used 2240K [0x00000000d5580000, 0x00000000d5900000, 0x0000000100000000)
  eden space 2048K, 100% used [0x00000000d5580000,0x00000000d5780000,0x00000000d5780000)
  from space 512K, 37% used [0x00000000d5800000,0x00000000d5830000,0x00000000d5880000)
  to   space 512K, 0% used [0x00000000d5880000,0x00000000d5880000,0x00000000d5900000)
 ParOldGen       total 943104K, used 282881K [0x0000000080000000, 0x00000000b9900000, 0x00000000d5580000)
  object space 943104K, 29% used [0x0000000080000000,0x0000000091440698,0x00000000b9900000)
 Metaspace       used 83960K, committed 85632K, reserved 1179648K
  class space    used 8758K, committed 9536K, reserved 1048576K
}
Event: 2660.176 GC heap after
{Heap after GC invocations=2354 (full 4):
 PSYoungGen      total 2560K, used 224K [0x00000000d5580000, 0x00000000d5900000, 0x0000000100000000)
  eden space 2048K, 0% used [0x00000000d5580000,0x00000000d5580000,0x00000000d5780000)
  from space 512K, 43% used [0x00000000d5880000,0x00000000d58b8000,0x00000000d5900000)
  to   space 512K, 0% used [0x00000000d5800000,0x00000000d5800000,0x00000000d5880000)
 ParOldGen       total 943104K, used 282921K [0x0000000080000000, 0x00000000b9900000, 0x00000000d5580000)
  object space 943104K, 29% used [0x0000000080000000,0x000000009144a698,0x00000000b9900000)
 Metaspace       used 83960K, committed 85632K, reserved 1179648K
  class space    used 8758K, committed 9536K, reserved 1048576K
}
Event: 2664.867 GC heap before
{Heap before GC invocations=2355 (full 4):
 PSYoungGen      total 2560K, used 2272K [0x00000000d5580000, 0x00000000d5900000, 0x0000000100000000)
  eden space 2048K, 100% used [0x00000000d5580000,0x00000000d5780000,0x00000000d5780000)
  from space 512K, 43% used [0x00000000d5880000,0x00000000d58b8000,0x00000000d5900000)
  to   space 512K, 0% used [0x00000000d5800000,0x00000000d5800000,0x00000000d5880000)
 ParOldGen       total 943104K, used 282921K [0x0000000080000000, 0x00000000b9900000, 0x00000000d5580000)
  object space 943104K, 29% used [0x0000000080000000,0x000000009144a698,0x00000000b9900000)
 Metaspace       used 83960K, committed 85632K, reserved 1179648K
  class space    used 8758K, committed 9536K, reserved 1048576K
}
Event: 2664.890 GC heap after
{Heap after GC invocations=2355 (full 4):
 PSYoungGen      total 2560K, used 192K [0x00000000d5580000, 0x00000000d5900000, 0x0000000100000000)
  eden space 2048K, 0% used [0x00000000d5580000,0x00000000d5580000,0x00000000d5780000)
  from space 512K, 37% used [0x00000000d5800000,0x00000000d5830000,0x00000000d5880000)
  to   space 512K, 0% used [0x00000000d5880000,0x00000000d5880000,0x00000000d5900000)
 ParOldGen       total 943104K, used 282921K [0x0000000080000000, 0x00000000b9900000, 0x00000000d5580000)
  object space 943104K, 29% used [0x0000000080000000,0x000000009144a698,0x00000000b9900000)
 Metaspace       used 83960K, committed 85632K, reserved 1179648K
  class space    used 8758K, committed 9536K, reserved 1048576K
}
Event: 2668.927 GC heap before
{Heap before GC invocations=2356 (full 4):
 PSYoungGen      total 2560K, used 2227K [0x00000000d5580000, 0x00000000d5900000, 0x0000000100000000)
  eden space 2048K, 99% used [0x00000000d5580000,0x00000000d577cc20,0x00000000d5780000)
  from space 512K, 37% used [0x00000000d5800000,0x00000000d5830000,0x00000000d5880000)
  to   space 512K, 0% used [0x00000000d5880000,0x00000000d5880000,0x00000000d5900000)
 ParOldGen       total 943104K, used 282921K [0x0000000080000000, 0x00000000b9900000, 0x00000000d5580000)
  object space 943104K, 29% used [0x0000000080000000,0x000000009144a698,0x00000000b9900000)
 Metaspace       used 83960K, committed 85632K, reserved 1179648K
  class space    used 8758K, committed 9536K, reserved 1048576K
}
Event: 2668.928 GC heap after
{Heap after GC invocations=2356 (full 4):
 PSYoungGen      total 2560K, used 224K [0x00000000d5580000, 0x00000000d5900000, 0x0000000100000000)
  eden space 2048K, 0% used [0x00000000d5580000,0x00000000d5580000,0x00000000d5780000)
  from space 512K, 43% used [0x00000000d5880000,0x00000000d58b8000,0x00000000d5900000)
  to   space 512K, 0% used [0x00000000d5800000,0x00000000d5800000,0x00000000d5880000)
 ParOldGen       total 943104K, used 282945K [0x0000000080000000, 0x00000000b9900000, 0x00000000d5580000)
  object space 943104K, 30% used [0x0000000080000000,0x0000000091450698,0x00000000b9900000)
 Metaspace       used 83960K, committed 85632K, reserved 1179648K
  class space    used 8758K, committed 9536K, reserved 1048576K
}
Event: 2672.719 GC heap before
{Heap before GC invocations=2357 (full 4):
 PSYoungGen      total 2560K, used 2272K [0x00000000d5580000, 0x00000000d5900000, 0x0000000100000000)
  eden space 2048K, 100% used [0x00000000d5580000,0x00000000d5780000,0x00000000d5780000)
  from space 512K, 43% used [0x00000000d5880000,0x00000000d58b8000,0x00000000d5900000)
  to   space 512K, 0% used [0x00000000d5800000,0x00000000d5800000,0x00000000d5880000)
 ParOldGen       total 943104K, used 282945K [0x0000000080000000, 0x00000000b9900000, 0x00000000d5580000)
  object space 943104K, 30% used [0x0000000080000000,0x0000000091450698,0x00000000b9900000)
 Metaspace       used 83960K, committed 85632K, reserved 1179648K
  class space    used 8758K, committed 9536K, reserved 1048576K
}
Event: 2672.721 GC heap after
{Heap after GC invocations=2357 (full 4):
 PSYoungGen      total 2560K, used 256K [0x00000000d5580000, 0x00000000d5900000, 0x0000000100000000)
  eden space 2048K, 0% used [0x00000000d5580000,0x00000000d5580000,0x00000000d5780000)
  from space 512K, 50% used [0x00000000d5800000,0x00000000d5840000,0x00000000d5880000)
  to   space 512K, 0% used [0x00000000d5880000,0x00000000d5880000,0x00000000d5900000)
 ParOldGen       total 943104K, used 282945K [0x0000000080000000, 0x00000000b9900000, 0x00000000d5580000)
  object space 943104K, 30% used [0x0000000080000000,0x0000000091450698,0x00000000b9900000)
 Metaspace       used 83960K, committed 85632K, reserved 1179648K
  class space    used 8758K, committed 9536K, reserved 1048576K
}
Event: 2676.783 GC heap before
{Heap before GC invocations=2358 (full 4):
 PSYoungGen      total 2560K, used 2304K [0x00000000d5580000, 0x00000000d5900000, 0x0000000100000000)
  eden space 2048K, 100% used [0x00000000d5580000,0x00000000d5780000,0x00000000d5780000)
  from space 512K, 50% used [0x00000000d5800000,0x00000000d5840000,0x00000000d5880000)
  to   space 512K, 0% used [0x00000000d5880000,0x00000000d5880000,0x00000000d5900000)
 ParOldGen       total 943104K, used 282945K [0x0000000080000000, 0x00000000b9900000, 0x00000000d5580000)
  object space 943104K, 30% used [0x0000000080000000,0x0000000091450698,0x00000000b9900000)
 Metaspace       used 83960K, committed 85632K, reserved 1179648K
  class space    used 8758K, committed 9536K, reserved 1048576K
}
Event: 2676.785 GC heap after
{Heap after GC invocations=2358 (full 4):
 PSYoungGen      total 2560K, used 192K [0x00000000d5580000, 0x00000000d5900000, 0x0000000100000000)
  eden space 2048K, 0% used [0x00000000d5580000,0x00000000d5580000,0x00000000d5780000)
  from space 512K, 37% used [0x00000000d5880000,0x00000000d58b0000,0x00000000d5900000)
  to   space 512K, 0% used [0x00000000d5800000,0x00000000d5800000,0x00000000d5880000)
 ParOldGen       total 943104K, used 282945K [0x0000000080000000, 0x00000000b9900000, 0x00000000d5580000)
  object space 943104K, 30% used [0x0000000080000000,0x0000000091450698,0x00000000b9900000)
 Metaspace       used 83960K, committed 85632K, reserved 1179648K
  class space    used 8758K, committed 9536K, reserved 1048576K
}

